2015/05/10 06:16:11 [error] [exception.CHttpException.404] exception 'CHttpException' with message '无法解析请求 "login.do"。' in /mnt/home/www/texiaoyao/public_html/core/framework/yiilite.php:1750
Stack trace:
#0 /mnt/home/www/texiaoyao/public_html/core/framework/yiilite.php(1666): CWebApplication->runController('login.do')
#1 /mnt/home/www/texiaoyao/public_html/core/framework/yiilite.php(1191): CWebApplication->processRequest()
#2 /mnt/home/www/texiaoyao/public_html/index.php(28): CApplication->run()
#3 {main}
REQUEST_URI=/login.do
---
2015/05/10 06:16:11 [error] [exception.CHttpException.404] exception 'CHttpException' with message '无法解析请求 "window.location"。' in /mnt/home/www/texiaoyao/public_html/core/framework/yiilite.php:1750
Stack trace:
#0 /mnt/home/www/texiaoyao/public_html/core/framework/yiilite.php(1666): CWebApplication->runController('window.location')
#1 /mnt/home/www/texiaoyao/public_html/core/framework/yiilite.php(1191): CWebApplication->processRequest()
#2 /mnt/home/www/texiaoyao/public_html/index.php(28): CApplication->run()
#3 {main}
REQUEST_URI=/window.location
---
2015/05/10 06:16:11 [error] [exception.CHttpException.404] exception 'CHttpException' with message '无法解析请求 "admin/index.action"。' in /mnt/home/www/texiaoyao/public_html/core/framework/yiilite.php:1750
Stack trace:
#0 /mnt/home/www/texiaoyao/public_html/core/framework/yiilite.php(1666): CWebApplication->runController('admin/index.act...')
#1 /mnt/home/www/texiaoyao/public_html/core/framework/yiilite.php(1191): CWebApplication->processRequest()
#2 /mnt/home/www/texiaoyao/public_html/index.php(28): CApplication->run()
#3 {main}
REQUEST_URI=/admin/index.action
---
2015/05/10 06:16:11 [error] [exception.CHttpException.404] exception 'CHttpException' with message '无法解析请求 "index!OAIndex.action"。' in /mnt/home/www/texiaoyao/public_html/core/framework/yiilite.php:1750
Stack trace:
#0 /mnt/home/www/texiaoyao/public_html/core/framework/yiilite.php(1666): CWebApplication->runController('index!OAIndex.a...')
#1 /mnt/home/www/texiaoyao/public_html/core/framework/yiilite.php(1191): CWebApplication->processRequest()
#2 /mnt/home/www/texiaoyao/public_html/index.php(28): CApplication->run()
#3 {main}
REQUEST_URI=/index!OAIndex.action
---
2015/05/10 06:16:12 [error] [exception.CHttpException.404] exception 'CHttpException' with message '无法解析请求 "userInfoAction.action"。' in /mnt/home/www/texiaoyao/public_html/core/framework/yiilite.php:1750
Stack trace:
#0 /mnt/home/www/texiaoyao/public_html/core/framework/yiilite.php(1666): CWebApplication->runController('userInfoAction....')
#1 /mnt/home/www/texiaoyao/public_html/core/framework/yiilite.php(1191): CWebApplication->processRequest()
#2 /mnt/home/www/texiaoyao/public_html/index.php(28): CApplication->run()
#3 {main}
REQUEST_URI=/userInfoAction.action
---
2015/05/10 06:16:12 [error] [exception.CHttpException.404] exception 'CHttpException' with message '无法解析请求 "userInfoAction!saveUserInfo.action"。' in /mnt/home/www/texiaoyao/public_html/core/framework/yiilite.php:1750
Stack trace:
#0 /mnt/home/www/texiaoyao/public_html/core/framework/yiilite.php(1666): CWebApplication->runController('userInfoAction!...')
#1 /mnt/home/www/texiaoyao/public_html/core/framework/yiilite.php(1191): CWebApplication->processRequest()
#2 /mnt/home/www/texiaoyao/public_html/index.php(28): CApplication->run()
#3 {main}
REQUEST_URI=/userInfoAction!saveUserInfo.action
---
2015/05/10 06:16:13 [error] [exception.CHttpException.404] exception 'CHttpException' with message '无法解析请求 "unAuthorizedAccess.action"。' in /mnt/home/www/texiaoyao/public_html/core/framework/yiilite.php:1750
Stack trace:
#0 /mnt/home/www/texiaoyao/public_html/core/framework/yiilite.php(1666): CWebApplication->runController('unAuthorizedAcc...')
#1 /mnt/home/www/texiaoyao/public_html/core/framework/yiilite.php(1191): CWebApplication->processRequest()
#2 /mnt/home/www/texiaoyao/public_html/index.php(28): CApplication->run()
#3 {main}
REQUEST_URI=/unAuthorizedAccess.action
---
2015/05/10 06:31:24 [error] [exception.CHttpException.404] exception 'CHttpException' with message '无法解析请求 "inc/editor"。' in /mnt/home/www/texiaoyao/public_html/core/framework/yiilite.php:1750
Stack trace:
#0 /mnt/home/www/texiaoyao/public_html/core/framework/yiilite.php(1666): CWebApplication->runController('inc/editor')
#1 /mnt/home/www/texiaoyao/public_html/core/framework/yiilite.php(1191): CWebApplication->processRequest()
#2 /mnt/home/www/texiaoyao/public_html/index.php(28): CApplication->run()
#3 {main}
REQUEST_URI=/inc/editor/
---
2015/05/10 06:31:24 [error] [exception.CHttpException.404] exception 'CHttpException' with message '无法解析请求 "manage/fckeditor/editor"。' in /mnt/home/www/texiaoyao/public_html/core/framework/yiilite.php:1750
Stack trace:
#0 /mnt/home/www/texiaoyao/public_html/core/framework/yiilite.php(1666): CWebApplication->runController('manage/fckedito...')
#1 /mnt/home/www/texiaoyao/public_html/core/framework/yiilite.php(1191): CWebApplication->processRequest()
#2 /mnt/home/www/texiaoyao/public_html/index.php(28): CApplication->run()
#3 {main}
REQUEST_URI=/manage/fckeditor/editor/
---
2015/05/10 06:31:24 [error] [exception.CHttpException.404] exception 'CHttpException' with message '无法解析请求 "common/fckeditor/editor"。' in /mnt/home/www/texiaoyao/public_html/core/framework/yiilite.php:1750
Stack trace:
#0 /mnt/home/www/texiaoyao/public_html/core/framework/yiilite.php(1666): CWebApplication->runController('common/fckedito...')
#1 /mnt/home/www/texiaoyao/public_html/core/framework/yiilite.php(1191): CWebApplication->processRequest()
#2 /mnt/home/www/texiaoyao/public_html/index.php(28): CApplication->run()
#3 {main}
REQUEST_URI=/common/fckeditor/editor/
---
2015/05/10 06:31:24 [error] [exception.CHttpException.404] exception 'CHttpException' with message '无法解析请求 "include/fckeditor/editor"。' in /mnt/home/www/texiaoyao/public_html/core/framework/yiilite.php:1750
Stack trace:
#0 /mnt/home/www/texiaoyao/public_html/core/framework/yiilite.php(1666): CWebApplication->runController('include/fckedit...')
#1 /mnt/home/www/texiaoyao/public_html/core/framework/yiilite.php(1191): CWebApplication->processRequest()
#2 /mnt/home/www/texiaoyao/public_html/index.php(28): CApplication->run()
#3 {main}
REQUEST_URI=/include/fckeditor/editor/
---
2015/05/10 06:31:24 [error] [exception.CHttpException.404] exception 'CHttpException' with message '无法解析请求 "includes/fckeditor/editor"。' in /mnt/home/www/texiaoyao/public_html/core/framework/yiilite.php:1750
Stack trace:
#0 /mnt/home/www/texiaoyao/public_html/core/framework/yiilite.php(1666): CWebApplication->runController('includes/fckedi...')
#1 /mnt/home/www/texiaoyao/public_html/core/framework/yiilite.php(1191): CWebApplication->processRequest()
#2 /mnt/home/www/texiaoyao/public_html/index.php(28): CApplication->run()
#3 {main}
REQUEST_URI=/includes/fckeditor/editor/
---
2015/05/10 06:31:24 [error] [exception.CHttpException.404] exception 'CHttpException' with message '无法解析请求 "scripts/fckeditor/editor"。' in /mnt/home/www/texiaoyao/public_html/core/framework/yiilite.php:1750
Stack trace:
#0 /mnt/home/www/texiaoyao/public_html/core/framework/yiilite.php(1666): CWebApplication->runController('scripts/fckedit...')
#1 /mnt/home/www/texiaoyao/public_html/core/framework/yiilite.php(1191): CWebApplication->processRequest()
#2 /mnt/home/www/texiaoyao/public_html/index.php(28): CApplication->run()
#3 {main}
REQUEST_URI=/scripts/fckeditor/editor/
---
2015/05/10 06:31:24 [error] [exception.CHttpException.404] exception 'CHttpException' with message '无法解析请求 "admin/fckeditor/editor"。' in /mnt/home/www/texiaoyao/public_html/core/framework/yiilite.php:1750
Stack trace:
#0 /mnt/home/www/texiaoyao/public_html/core/framework/yiilite.php(1666): CWebApplication->runController('admin/fckeditor...')
#1 /mnt/home/www/texiaoyao/public_html/core/framework/yiilite.php(1191): CWebApplication->processRequest()
#2 /mnt/home/www/texiaoyao/public_html/index.php(28): CApplication->run()
#3 {main}
REQUEST_URI=/admin/fckeditor/editor/
---
2015/05/10 06:31:24 [error] [exception.CHttpException.404] exception 'CHttpException' with message '无法解析请求 "fckeditor/editor"。' in /mnt/home/www/texiaoyao/public_html/core/framework/yiilite.php:1750
Stack trace:
#0 /mnt/home/www/texiaoyao/public_html/core/framework/yiilite.php(1666): CWebApplication->runController('fckeditor/edito...')
#1 /mnt/home/www/texiaoyao/public_html/core/framework/yiilite.php(1191): CWebApplication->processRequest()
#2 /mnt/home/www/texiaoyao/public_html/index.php(28): CApplication->run()
#3 {main}
REQUEST_URI=/fckeditor/editor/
---
2015/05/10 06:31:24 [error] [exception.CHttpException.404] exception 'CHttpException' with message '无法解析请求 "inc/fckeditor/editor"。' in /mnt/home/www/texiaoyao/public_html/core/framework/yiilite.php:1750
Stack trace:
#0 /mnt/home/www/texiaoyao/public_html/core/framework/yiilite.php(1666): CWebApplication->runController('inc/fckeditor/e...')
#1 /mnt/home/www/texiaoyao/public_html/core/framework/yiilite.php(1191): CWebApplication->processRequest()
#2 /mnt/home/www/texiaoyao/public_html/index.php(28): CApplication->run()
#3 {main}
REQUEST_URI=/inc/fckeditor/editor/
---
2015/05/10 06:31:24 [error] [exception.CHttpException.404] exception 'CHttpException' with message '无法解析请求 "js/fckeditor/editor"。' in /mnt/home/www/texiaoyao/public_html/core/framework/yiilite.php:1750
Stack trace:
#0 /mnt/home/www/texiaoyao/public_html/core/framework/yiilite.php(1666): CWebApplication->runController('js/fckeditor/ed...')
#1 /mnt/home/www/texiaoyao/public_html/core/framework/yiilite.php(1191): CWebApplication->processRequest()
#2 /mnt/home/www/texiaoyao/public_html/index.php(28): CApplication->run()
#3 {main}
REQUEST_URI=/js/fckeditor/editor/
---
2015/05/10 06:31:24 [error] [exception.CHttpException.404] exception 'CHttpException' with message '无法解析请求 "editor/editor"。' in /mnt/home/www/texiaoyao/public_html/core/framework/yiilite.php:1750
Stack trace:
#0 /mnt/home/www/texiaoyao/public_html/core/framework/yiilite.php(1666): CWebApplication->runController('editor/editor')
#1 /mnt/home/www/texiaoyao/public_html/core/framework/yiilite.php(1191): CWebApplication->processRequest()
#2 /mnt/home/www/texiaoyao/public_html/index.php(28): CApplication->run()
#3 {main}
REQUEST_URI=/editor/editor/
---
2015/05/10 06:31:24 [error] [exception.CHttpException.404] exception 'CHttpException' with message '无法解析请求 "editor/fckeditor/editor"。' in /mnt/home/www/texiaoyao/public_html/core/framework/yiilite.php:1750
Stack trace:
#0 /mnt/home/www/texiaoyao/public_html/core/framework/yiilite.php(1666): CWebApplication->runController('editor/fckedito...')
#1 /mnt/home/www/texiaoyao/public_html/core/framework/yiilite.php(1191): CWebApplication->processRequest()
#2 /mnt/home/www/texiaoyao/public_html/index.php(28): CApplication->run()
#3 {main}
REQUEST_URI=/editor/fckeditor/editor/
---
2015/05/10 06:31:24 [error] [exception.CHttpException.404] exception 'CHttpException' with message '无法解析请求 "system/fckeditor/editor"。' in /mnt/home/www/texiaoyao/public_html/core/framework/yiilite.php:1750
Stack trace:
#0 /mnt/home/www/texiaoyao/public_html/core/framework/yiilite.php(1666): CWebApplication->runController('system/fckedito...')
#1 /mnt/home/www/texiaoyao/public_html/core/framework/yiilite.php(1191): CWebApplication->processRequest()
#2 /mnt/home/www/texiaoyao/public_html/index.php(28): CApplication->run()
#3 {main}
REQUEST_URI=/system/fckeditor/editor/
---
2015/05/10 06:33:37 [error] [exception.CHttpException.400] exception 'CHttpException' with message 'CSRF token 无法被验证.' in /mnt/home/www/texiaoyao/public_html/core/framework/yiilite.php:2892
Stack trace:
#0 /mnt/home/www/texiaoyao/public_html/core/framework/yiilite.php(832): CHttpRequest->validateCsrfToken(Object(CEvent))
#1 /mnt/home/www/texiaoyao/public_html/core/framework/yiilite.php(1204): CComponent->raiseEvent('onBeginRequest', Object(CEvent))
#2 /mnt/home/www/texiaoyao/public_html/core/framework/yiilite.php(1189): CApplication->onBeginRequest(Object(CEvent))
#3 /mnt/home/www/texiaoyao/public_html/index.php(28): CApplication->run()
#4 {main}
REQUEST_URI=/shop/search.html/trackback/
HTTP_REFERER=http://texiaoyao.cn/shop/search.html?category_id=47
---
2015/05/10 06:37:44 [error] [exception.CHttpException.404] exception 'CHttpException' with message '系统无法找到请求的 "search.html" 动作.' in /mnt/home/www/texiaoyao/public_html/core/framework/yiilite.php:3668
Stack trace:
#0 /mnt/home/www/texiaoyao/public_html/core/framework/yiilite.php(3550): CController->missingAction('search.html')
#1 /mnt/home/www/texiaoyao/public_html/core/framework/yiilite.php(1746): CController->run('search.html')
#2 /mnt/home/www/texiaoyao/public_html/core/framework/yiilite.php(1666): CWebApplication->runController('shop/search.htm...')
#3 /mnt/home/www/texiaoyao/public_html/core/framework/yiilite.php(1191): CWebApplication->processRequest()
#4 /mnt/home/www/texiaoyao/public_html/index.php(28): CApplication->run()
#5 {main}
REQUEST_URI=/shop/search.html/trackback/
---
2015/05/10 07:10:33 [error] [exception.CHttpException.404] exception 'CHttpException' with message '无法解析请求 "robots.txt"。' in /mnt/home/www/texiaoyao/public_html/core/framework/yiilite.php:1750
Stack trace:
#0 /mnt/home/www/texiaoyao/public_html/core/framework/yiilite.php(1666): CWebApplication->runController('robots.txt')
#1 /mnt/home/www/texiaoyao/public_html/core/framework/yiilite.php(1191): CWebApplication->processRequest()
#2 /mnt/home/www/texiaoyao/public_html/index.php(28): CApplication->run()
#3 {main}
REQUEST_URI=/robots.txt
---
2015/05/10 07:10:33 [error] [exception.CHttpException.404] exception 'CHttpException' with message '系统无法找到请求的 "search.html" 动作.' in /mnt/home/www/texiaoyao/public_html/core/framework/yiilite.php:3668
Stack trace:
#0 /mnt/home/www/texiaoyao/public_html/core/framework/yiilite.php(3550): CController->missingAction('search.html')
#1 /mnt/home/www/texiaoyao/public_html/core/framework/yiilite.php(1746): CController->run('search.html')
#2 /mnt/home/www/texiaoyao/public_html/core/framework/yiilite.php(1666): CWebApplication->runController('shop/search.htm...')
#3 /mnt/home/www/texiaoyao/public_html/core/framework/yiilite.php(1191): CWebApplication->processRequest()
#4 /mnt/home/www/texiaoyao/public_html/index.php(28): CApplication->run()
#5 {main}
REQUEST_URI=/shop/search.html/trackback/
---
2015/05/10 07:10:34 [error] [exception.CHttpException.404] exception 'CHttpException' with message '无法解析请求 "robots.txt"。' in /mnt/home/www/texiaoyao/public_html/core/framework/yiilite.php:1750
Stack trace:
#0 /mnt/home/www/texiaoyao/public_html/core/framework/yiilite.php(1666): CWebApplication->runController('robots.txt')
#1 /mnt/home/www/texiaoyao/public_html/core/framework/yiilite.php(1191): CWebApplication->processRequest()
#2 /mnt/home/www/texiaoyao/public_html/index.php(28): CApplication->run()
#3 {main}
REQUEST_URI=/robots.txt
---
2015/05/10 07:10:34 [error] [exception.CHttpException.404] exception 'CHttpException' with message '系统无法找到请求的 "search.html" 动作.' in /mnt/home/www/texiaoyao/public_html/core/framework/yiilite.php:3668
Stack trace:
#0 /mnt/home/www/texiaoyao/public_html/core/framework/yiilite.php(3550): CController->missingAction('search.html')
#1 /mnt/home/www/texiaoyao/public_html/core/framework/yiilite.php(1746): CController->run('search.html')
#2 /mnt/home/www/texiaoyao/public_html/core/framework/yiilite.php(1666): CWebApplication->runController('shop/search.htm...')
#3 /mnt/home/www/texiaoyao/public_html/core/framework/yiilite.php(1191): CWebApplication->processRequest()
#4 /mnt/home/www/texiaoyao/public_html/index.php(28): CApplication->run()
#5 {main}
REQUEST_URI=/shop/search.html/trackback/
---
2015/05/10 07:12:18 [error] [exception.CHttpException.404] exception 'CHttpException' with message '无法解析请求 "robots.txt"。' in /mnt/home/www/texiaoyao/public_html/core/framework/yiilite.php:1750
Stack trace:
#0 /mnt/home/www/texiaoyao/public_html/core/framework/yiilite.php(1666): CWebApplication->runController('robots.txt')
#1 /mnt/home/www/texiaoyao/public_html/core/framework/yiilite.php(1191): CWebApplication->processRequest()
#2 /mnt/home/www/texiaoyao/public_html/index.php(28): CApplication->run()
#3 {main}
REQUEST_URI=/robots.txt
HTTP_REFERER=http://www.baidu.com/s?wd=www
---
2015/05/10 09:51:18 [error] [exception.CHttpException.404] exception 'CHttpException' with message '无法解析请求 "login.action"。' in /mnt/home/www/texiaoyao/public_html/core/framework/yiilite.php:1750
Stack trace:
#0 /mnt/home/www/texiaoyao/public_html/core/framework/yiilite.php(1666): CWebApplication->runController('login.action')
#1 /mnt/home/www/texiaoyao/public_html/core/framework/yiilite.php(1191): CWebApplication->processRequest()
#2 /mnt/home/www/texiaoyao/public_html/index.php(28): CApplication->run()
#3 {main}
REQUEST_URI=/login.action
---
2015/05/10 09:51:18 [error] [exception.CHttpException.404] exception 'CHttpException' with message '无法解析请求 "index.action"。' in /mnt/home/www/texiaoyao/public_html/core/framework/yiilite.php:1750
Stack trace:
#0 /mnt/home/www/texiaoyao/public_html/core/framework/yiilite.php(1666): CWebApplication->runController('index.action')
#1 /mnt/home/www/texiaoyao/public_html/core/framework/yiilite.php(1191): CWebApplication->processRequest()
#2 /mnt/home/www/texiaoyao/public_html/index.php(28): CApplication->run()
#3 {main}
REQUEST_URI=/index.action
---
2015/05/10 09:51:19 [error] [exception.CHttpException.404] exception 'CHttpException' with message '无法解析请求 "news.action"。' in /mnt/home/www/texiaoyao/public_html/core/framework/yiilite.php:1750
Stack trace:
#0 /mnt/home/www/texiaoyao/public_html/core/framework/yiilite.php(1666): CWebApplication->runController('news.action')
#1 /mnt/home/www/texiaoyao/public_html/core/framework/yiilite.php(1191): CWebApplication->processRequest()
#2 /mnt/home/www/texiaoyao/public_html/index.php(28): CApplication->run()
#3 {main}
REQUEST_URI=/news.action
---
2015/05/10 09:51:19 [error] [exception.CHttpException.404] exception 'CHttpException' with message '无法解析请求 "login.jsp"。' in /mnt/home/www/texiaoyao/public_html/core/framework/yiilite.php:1750
Stack trace:
#0 /mnt/home/www/texiaoyao/public_html/core/framework/yiilite.php(1666): CWebApplication->runController('login.jsp')
#1 /mnt/home/www/texiaoyao/public_html/core/framework/yiilite.php(1191): CWebApplication->processRequest()
#2 /mnt/home/www/texiaoyao/public_html/index.php(28): CApplication->run()
#3 {main}
REQUEST_URI=/login.jsp
---
2015/05/10 09:51:19 [error] [exception.CHttpException.404] exception 'CHttpException' with message '无法解析请求 "siteEnter.action"。' in /mnt/home/www/texiaoyao/public_html/core/framework/yiilite.php:1750
Stack trace:
#0 /mnt/home/www/texiaoyao/public_html/core/framework/yiilite.php(1666): CWebApplication->runController('siteEnter.actio...')
#1 /mnt/home/www/texiaoyao/public_html/core/framework/yiilite.php(1191): CWebApplication->processRequest()
#2 /mnt/home/www/texiaoyao/public_html/index.php(28): CApplication->run()
#3 {main}
REQUEST_URI=/siteEnter.action
---
2015/05/10 09:51:19 [error] [exception.CHttpException.404] exception 'CHttpException' with message '无法解析请求 "login!init.action"。' in /mnt/home/www/texiaoyao/public_html/core/framework/yiilite.php:1750
Stack trace:
#0 /mnt/home/www/texiaoyao/public_html/core/framework/yiilite.php(1666): CWebApplication->runController('login!init.acti...')
#1 /mnt/home/www/texiaoyao/public_html/core/framework/yiilite.php(1191): CWebApplication->processRequest()
#2 /mnt/home/www/texiaoyao/public_html/index.php(28): CApplication->run()
#3 {main}
REQUEST_URI=/login!init.action
---
2015/05/10 09:51:19 [error] [exception.CHttpException.404] exception 'CHttpException' with message '无法解析请求 "admin/index.jsp"。' in /mnt/home/www/texiaoyao/public_html/core/framework/yiilite.php:1750
Stack trace:
#0 /mnt/home/www/texiaoyao/public_html/core/framework/yiilite.php(1666): CWebApplication->runController('admin/index.jsp')
#1 /mnt/home/www/texiaoyao/public_html/core/framework/yiilite.php(1191): CWebApplication->processRequest()
#2 /mnt/home/www/texiaoyao/public_html/index.php(28): CApplication->run()
#3 {main}
REQUEST_URI=/admin/index.jsp
---
2015/05/10 09:51:19 [error] [exception.CHttpException.404] exception 'CHttpException' with message '无法解析请求 "index!download.action"。' in /mnt/home/www/texiaoyao/public_html/core/framework/yiilite.php:1750
Stack trace:
#0 /mnt/home/www/texiaoyao/public_html/core/framework/yiilite.php(1666): CWebApplication->runController('index!download....')
#1 /mnt/home/www/texiaoyao/public_html/core/framework/yiilite.php(1191): CWebApplication->processRequest()
#2 /mnt/home/www/texiaoyao/public_html/index.php(28): CApplication->run()
#3 {main}
REQUEST_URI=/index!download.action
---
2015/05/10 09:51:19 [error] [exception.CHttpException.404] exception 'CHttpException' with message '无法解析请求 "index!execute.action"。' in /mnt/home/www/texiaoyao/public_html/core/framework/yiilite.php:1750
Stack trace:
#0 /mnt/home/www/texiaoyao/public_html/core/framework/yiilite.php(1666): CWebApplication->runController('index!execute.a...')
#1 /mnt/home/www/texiaoyao/public_html/core/framework/yiilite.php(1191): CWebApplication->processRequest()
#2 /mnt/home/www/texiaoyao/public_html/index.php(28): CApplication->run()
#3 {main}
REQUEST_URI=/index!execute.action
---
2015/05/10 09:51:19 [error] [exception.CHttpException.404] exception 'CHttpException' with message '无法解析请求 "index!WCIndex.action"。' in /mnt/home/www/texiaoyao/public_html/core/framework/yiilite.php:1750
Stack trace:
#0 /mnt/home/www/texiaoyao/public_html/core/framework/yiilite.php(1666): CWebApplication->runController('index!WCIndex.a...')
#1 /mnt/home/www/texiaoyao/public_html/core/framework/yiilite.php(1191): CWebApplication->processRequest()
#2 /mnt/home/www/texiaoyao/public_html/index.php(28): CApplication->run()
#3 {main}
REQUEST_URI=/index!WCIndex.action
---
2015/05/10 09:51:19 [error] [exception.CHttpException.404] exception 'CHttpException' with message '无法解析请求 "index!OAIndex.action"。' in /mnt/home/www/texiaoyao/public_html/core/framework/yiilite.php:1750
Stack trace:
#0 /mnt/home/www/texiaoyao/public_html/core/framework/yiilite.php(1666): CWebApplication->runController('index!OAIndex.a...')
#1 /mnt/home/www/texiaoyao/public_html/core/framework/yiilite.php(1191): CWebApplication->processRequest()
#2 /mnt/home/www/texiaoyao/public_html/index.php(28): CApplication->run()
#3 {main}
REQUEST_URI=/index!OAIndex.action
---
2015/05/10 09:51:20 [error] [exception.CHttpException.404] exception 'CHttpException' with message '无法解析请求 "userInfoAction.action"。' in /mnt/home/www/texiaoyao/public_html/core/framework/yiilite.php:1750
Stack trace:
#0 /mnt/home/www/texiaoyao/public_html/core/framework/yiilite.php(1666): CWebApplication->runController('userInfoAction....')
#1 /mnt/home/www/texiaoyao/public_html/core/framework/yiilite.php(1191): CWebApplication->processRequest()
#2 /mnt/home/www/texiaoyao/public_html/index.php(28): CApplication->run()
#3 {main}
REQUEST_URI=/userInfoAction.action
---
2015/05/10 09:51:20 [error] [exception.CHttpException.404] exception 'CHttpException' with message '无法解析请求 "admin/install!license.action"。' in /mnt/home/www/texiaoyao/public_html/core/framework/yiilite.php:1750
Stack trace:
#0 /mnt/home/www/texiaoyao/public_html/core/framework/yiilite.php(1666): CWebApplication->runController('admin/install!l...')
#1 /mnt/home/www/texiaoyao/public_html/core/framework/yiilite.php(1191): CWebApplication->processRequest()
#2 /mnt/home/www/texiaoyao/public_html/index.php(28): CApplication->run()
#3 {main}
REQUEST_URI=/admin/install!license.action
---
2015/05/10 09:51:20 [error] [exception.CHttpException.404] exception 'CHttpException' with message '无法解析请求 "admin/index.action"。' in /mnt/home/www/texiaoyao/public_html/core/framework/yiilite.php:1750
Stack trace:
#0 /mnt/home/www/texiaoyao/public_html/core/framework/yiilite.php(1666): CWebApplication->runController('admin/index.act...')
#1 /mnt/home/www/texiaoyao/public_html/core/framework/yiilite.php(1191): CWebApplication->processRequest()
#2 /mnt/home/www/texiaoyao/public_html/index.php(28): CApplication->run()
#3 {main}
REQUEST_URI=/admin/index.action
---
2015/05/10 09:51:20 [error] [exception.CHttpException.404] exception 'CHttpException' with message '无法解析请求 "license!getExpireDateOfDays.action"。' in /mnt/home/www/texiaoyao/public_html/core/framework/yiilite.php:1750
Stack trace:
#0 /mnt/home/www/texiaoyao/public_html/core/framework/yiilite.php(1666): CWebApplication->runController('license!getExpi...')
#1 /mnt/home/www/texiaoyao/public_html/core/framework/yiilite.php(1191): CWebApplication->processRequest()
#2 /mnt/home/www/texiaoyao/public_html/index.php(28): CApplication->run()
#3 {main}
REQUEST_URI=/license!getExpireDateOfDays.action
---
2015/05/10 09:51:20 [error] [exception.CHttpException.404] exception 'CHttpException' with message '无法解析请求 "userAction_loginUI.action"。' in /mnt/home/www/texiaoyao/public_html/core/framework/yiilite.php:1750
Stack trace:
#0 /mnt/home/www/texiaoyao/public_html/core/framework/yiilite.php(1666): CWebApplication->runController('userAction_logi...')
#1 /mnt/home/www/texiaoyao/public_html/core/framework/yiilite.php(1191): CWebApplication->processRequest()
#2 /mnt/home/www/texiaoyao/public_html/index.php(28): CApplication->run()
#3 {main}
REQUEST_URI=/userAction_loginUI.action
---
2015/05/10 09:51:20 [error] [exception.CHttpException.404] exception 'CHttpException' with message '无法解析请求 "unAuthorizedAccess.action"。' in /mnt/home/www/texiaoyao/public_html/core/framework/yiilite.php:1750
Stack trace:
#0 /mnt/home/www/texiaoyao/public_html/core/framework/yiilite.php(1666): CWebApplication->runController('unAuthorizedAcc...')
#1 /mnt/home/www/texiaoyao/public_html/core/framework/yiilite.php(1191): CWebApplication->processRequest()
#2 /mnt/home/www/texiaoyao/public_html/index.php(28): CApplication->run()
#3 {main}
REQUEST_URI=/unAuthorizedAccess.action
---
2015/05/10 09:59:41 [error] [exception.CHttpException.404] exception 'CHttpException' with message '无法解析请求 "robots.txt"。' in /mnt/home/www/texiaoyao/public_html/core/framework/yiilite.php:1750
Stack trace:
#0 /mnt/home/www/texiaoyao/public_html/core/framework/yiilite.php(1666): CWebApplication->runController('robots.txt')
#1 /mnt/home/www/texiaoyao/public_html/core/framework/yiilite.php(1191): CWebApplication->processRequest()
#2 /mnt/home/www/texiaoyao/public_html/index.php(28): CApplication->run()
#3 {main}
REQUEST_URI=/robots.txt
---
2015/05/10 10:14:28 [error] [exception.CHttpException.404] exception 'CHttpException' with message '无法解析请求 "robots.txt"。' in /mnt/home/www/texiaoyao/public_html/core/framework/yiilite.php:1750
Stack trace:
#0 /mnt/home/www/texiaoyao/public_html/core/framework/yiilite.php(1666): CWebApplication->runController('robots.txt')
#1 /mnt/home/www/texiaoyao/public_html/core/framework/yiilite.php(1191): CWebApplication->processRequest()
#2 /mnt/home/www/texiaoyao/public_html/index.php(28): CApplication->run()
#3 {main}
REQUEST_URI=/robots.txt
HTTP_REFERER=http://www.baidu.com/s?wd=www
---
2015/05/10 11:24:17 [error] [exception.CHttpException.400] exception 'CHttpException' with message 'CSRF token 无法被验证.' in /mnt/home/www/texiaoyao/public_html/core/framework/yiilite.php:2892
Stack trace:
#0 /mnt/home/www/texiaoyao/public_html/core/framework/yiilite.php(832): CHttpRequest->validateCsrfToken(Object(CEvent))
#1 /mnt/home/www/texiaoyao/public_html/core/framework/yiilite.php(1204): CComponent->raiseEvent('onBeginRequest', Object(CEvent))
#2 /mnt/home/www/texiaoyao/public_html/core/framework/yiilite.php(1189): CApplication->onBeginRequest(Object(CEvent))
#3 /mnt/home/www/texiaoyao/public_html/index.php(28): CApplication->run()
#4 {main}
REQUEST_URI=/shop/search.html/trackback/
HTTP_REFERER=http://texiaoyao.cn/shop/search.html?category_id=22
---
2015/05/10 11:36:23 [error] [exception.CHttpException.400] exception 'CHttpException' with message 'CSRF token 无法被验证.' in /mnt/home/www/texiaoyao/public_html/core/framework/yiilite.php:2892
Stack trace:
#0 /mnt/home/www/texiaoyao/public_html/core/framework/yiilite.php(832): CHttpRequest->validateCsrfToken(Object(CEvent))
#1 /mnt/home/www/texiaoyao/public_html/core/framework/yiilite.php(1204): CComponent->raiseEvent('onBeginRequest', Object(CEvent))
#2 /mnt/home/www/texiaoyao/public_html/core/framework/yiilite.php(1189): CApplication->onBeginRequest(Object(CEvent))
#3 /mnt/home/www/texiaoyao/public_html/index.php(28): CApplication->run()
#4 {main}
REQUEST_URI=/shop/search.html/trackback/
HTTP_REFERER=http://texiaoyao.cn/shop/search.html?category_id=yHo&Shop_page=6
---
2015/05/10 11:36:23 [error] [exception.CHttpException.400] exception 'CHttpException' with message 'CSRF token 无法被验证.' in /mnt/home/www/texiaoyao/public_html/core/framework/yiilite.php:2892
Stack trace:
#0 /mnt/home/www/texiaoyao/public_html/core/framework/yiilite.php(832): CHttpRequest->validateCsrfToken(Object(CEvent))
#1 /mnt/home/www/texiaoyao/public_html/core/framework/yiilite.php(1204): CComponent->raiseEvent('onBeginRequest', Object(CEvent))
#2 /mnt/home/www/texiaoyao/public_html/core/framework/yiilite.php(1189): CApplication->onBeginRequest(Object(CEvent))
#3 /mnt/home/www/texiaoyao/public_html/index.php(28): CApplication->run()
#4 {main}
REQUEST_URI=/shop/search.html/trackback/
HTTP_REFERER=http://texiaoyao.cn/shop/search.html?category_id=47
---
2015/05/10 11:36:23 [error] [exception.CHttpException.400] exception 'CHttpException' with message 'CSRF token 无法被验证.' in /mnt/home/www/texiaoyao/public_html/core/framework/yiilite.php:2892
Stack trace:
#0 /mnt/home/www/texiaoyao/public_html/core/framework/yiilite.php(832): CHttpRequest->validateCsrfToken(Object(CEvent))
#1 /mnt/home/www/texiaoyao/public_html/core/framework/yiilite.php(1204): CComponent->raiseEvent('onBeginRequest', Object(CEvent))
#2 /mnt/home/www/texiaoyao/public_html/core/framework/yiilite.php(1189): CApplication->onBeginRequest(Object(CEvent))
#3 /mnt/home/www/texiaoyao/public_html/index.php(28): CApplication->run()
#4 {main}
REQUEST_URI=/shop/search.html/trackback/
HTTP_REFERER=http://texiaoyao.cn/shop/search.html?category_id=61
---
2015/05/10 11:36:23 [error] [exception.CHttpException.400] exception 'CHttpException' with message 'CSRF token 无法被验证.' in /mnt/home/www/texiaoyao/public_html/core/framework/yiilite.php:2892
Stack trace:
#0 /mnt/home/www/texiaoyao/public_html/core/framework/yiilite.php(832): CHttpRequest->validateCsrfToken(Object(CEvent))
#1 /mnt/home/www/texiaoyao/public_html/core/framework/yiilite.php(1204): CComponent->raiseEvent('onBeginRequest', Object(CEvent))
#2 /mnt/home/www/texiaoyao/public_html/core/framework/yiilite.php(1189): CApplication->onBeginRequest(Object(CEvent))
#3 /mnt/home/www/texiaoyao/public_html/index.php(28): CApplication->run()
#4 {main}
REQUEST_URI=/shop/search.html/trackback/
HTTP_REFERER=http://texiaoyao.cn/shop/search.html?category_id=42
---
2015/05/10 11:53:11 [error] [exception.CHttpException.404] exception 'CHttpException' with message '无法解析请求 "robots.txt"。' in /mnt/home/www/texiaoyao/public_html/core/framework/yiilite.php:1750
Stack trace:
#0 /mnt/home/www/texiaoyao/public_html/core/framework/yiilite.php(1666): CWebApplication->runController('robots.txt')
#1 /mnt/home/www/texiaoyao/public_html/core/framework/yiilite.php(1191): CWebApplication->processRequest()
#2 /mnt/home/www/texiaoyao/public_html/index.php(28): CApplication->run()
#3 {main}
REQUEST_URI=/robots.txt
---
2015/05/10 12:24:39 [error] [exception.CHttpException.404] exception 'CHttpException' with message '无法解析请求 "robots.txt"。' in /mnt/home/www/texiaoyao/public_html/core/framework/yiilite.php:1750
Stack trace:
#0 /mnt/home/www/texiaoyao/public_html/core/framework/yiilite.php(1666): CWebApplication->runController('robots.txt')
#1 /mnt/home/www/texiaoyao/public_html/core/framework/yiilite.php(1191): CWebApplication->processRequest()
#2 /mnt/home/www/texiaoyao/public_html/index.php(28): CApplication->run()
#3 {main}
REQUEST_URI=/robots.txt
---
2015/05/10 14:00:15 [error] [exception.CHttpException.404] exception 'CHttpException' with message '无法解析请求 "robots.txt"。' in /mnt/home/www/texiaoyao/public_html/core/framework/yiilite.php:1750
Stack trace:
#0 /mnt/home/www/texiaoyao/public_html/core/framework/yiilite.php(1666): CWebApplication->runController('robots.txt')
#1 /mnt/home/www/texiaoyao/public_html/core/framework/yiilite.php(1191): CWebApplication->processRequest()
#2 /mnt/home/www/texiaoyao/public_html/index.php(28): CApplication->run()
#3 {main}
REQUEST_URI=/robots.txt
---
2015/05/10 18:18:31 [error] [exception.CHttpException.400] exception 'CHttpException' with message 'CSRF token 无法被验证.' in /mnt/home/www/texiaoyao/public_html/core/framework/yiilite.php:2892
Stack trace:
#0 /mnt/home/www/texiaoyao/public_html/core/framework/yiilite.php(832): CHttpRequest->validateCsrfToken(Object(CEvent))
#1 /mnt/home/www/texiaoyao/public_html/core/framework/yiilite.php(1204): CComponent->raiseEvent('onBeginRequest', Object(CEvent))
#2 /mnt/home/www/texiaoyao/public_html/core/framework/yiilite.php(1189): CApplication->onBeginRequest(Object(CEvent))
#3 /mnt/home/www/texiaoyao/public_html/index.php(28): CApplication->run()
#4 {main}
REQUEST_URI=/shop/search.html/trackback/
HTTP_REFERER=http://www.texiaoyao.cn/shop/search.html?category_id=49
---
2015/05/10 18:18:32 [error] [exception.CHttpException.400] exception 'CHttpException' with message 'CSRF token 无法被验证.' in /mnt/home/www/texiaoyao/public_html/core/framework/yiilite.php:2892
Stack trace:
#0 /mnt/home/www/texiaoyao/public_html/core/framework/yiilite.php(832): CHttpRequest->validateCsrfToken(Object(CEvent))
#1 /mnt/home/www/texiaoyao/public_html/core/framework/yiilite.php(1204): CComponent->raiseEvent('onBeginRequest', Object(CEvent))
#2 /mnt/home/www/texiaoyao/public_html/core/framework/yiilite.php(1189): CApplication->onBeginRequest(Object(CEvent))
#3 /mnt/home/www/texiaoyao/public_html/index.php(28): CApplication->run()
#4 {main}
REQUEST_URI=/shop/search.html/trackback/
HTTP_REFERER=http://www.texiaoyao.cn/shop/search.html?category_id=34
---
2015/05/10 19:54:42 [error] [exception.CHttpException.404] exception 'CHttpException' with message '无法解析请求 "web/shop/search/category_id/98"。' in /mnt/home/www/texiaoyao/public_html/core/framework/yiilite.php:1750
Stack trace:
#0 /mnt/home/www/texiaoyao/public_html/core/framework/yiilite.php(1666): CWebApplication->runController('web/shop/search...')
#1 /mnt/home/www/texiaoyao/public_html/core/framework/yiilite.php(1191): CWebApplication->processRequest()
#2 /mnt/home/www/texiaoyao/public_html/index.php(28): CApplication->run()
#3 {main}
REQUEST_URI=/web/shop/search/category_id/98
---
2015/05/10 21:07:46 [error] [exception.CHttpException.404] exception 'CHttpException' with message '无法解析请求 "robots.txt"。' in /mnt/home/www/texiaoyao/public_html/core/framework/yiilite.php:1750
Stack trace:
#0 /mnt/home/www/texiaoyao/public_html/core/framework/yiilite.php(1666): CWebApplication->runController('robots.txt')
#1 /mnt/home/www/texiaoyao/public_html/core/framework/yiilite.php(1191): CWebApplication->processRequest()
#2 /mnt/home/www/texiaoyao/public_html/index.php(28): CApplication->run()
#3 {main}
REQUEST_URI=/robots.txt
---
2015/05/10 21:08:49 [error] [exception.CHttpException.404] exception 'CHttpException' with message '无法解析请求 "robots.txt"。' in /mnt/home/www/texiaoyao/public_html/core/framework/yiilite.php:1750
Stack trace:
#0 /mnt/home/www/texiaoyao/public_html/core/framework/yiilite.php(1666): CWebApplication->runController('robots.txt')
#1 /mnt/home/www/texiaoyao/public_html/core/framework/yiilite.php(1191): CWebApplication->processRequest()
#2 /mnt/home/www/texiaoyao/public_html/index.php(28): CApplication->run()
#3 {main}
REQUEST_URI=/robots.txt
---
2015/05/10 21:16:20 [error] [exception.CHttpException.404] exception 'CHttpException' with message '无法解析请求 "web/shop/search/category_id/33"。' in /mnt/home/www/texiaoyao/public_html/core/framework/yiilite.php:1750
Stack trace:
#0 /mnt/home/www/texiaoyao/public_html/core/framework/yiilite.php(1666): CWebApplication->runController('web/shop/search...')
#1 /mnt/home/www/texiaoyao/public_html/core/framework/yiilite.php(1191): CWebApplication->processRequest()
#2 /mnt/home/www/texiaoyao/public_html/index.php(28): CApplication->run()
#3 {main}
REQUEST_URI=/web/shop/search/category_id/33
---
2015/05/10 22:28:19 [error] [exception.CHttpException.404] exception 'CHttpException' with message '无法解析请求 "robots.txt"。' in /mnt/home/www/texiaoyao/public_html/core/framework/yiilite.php:1750
Stack trace:
#0 /mnt/home/www/texiaoyao/public_html/core/framework/yiilite.php(1666): CWebApplication->runController('robots.txt')
#1 /mnt/home/www/texiaoyao/public_html/core/framework/yiilite.php(1191): CWebApplication->processRequest()
#2 /mnt/home/www/texiaoyao/public_html/index.php(28): CApplication->run()
#3 {main}
REQUEST_URI=/robots.txt
---
2015/05/10 22:57:55 [error] [exception.CHttpException.404] exception 'CHttpException' with message '无法解析请求 "login.action"。' in /mnt/home/www/texiaoyao/public_html/core/framework/yiilite.php:1750
Stack trace:
#0 /mnt/home/www/texiaoyao/public_html/core/framework/yiilite.php(1666): CWebApplication->runController('login.action')
#1 /mnt/home/www/texiaoyao/public_html/core/framework/yiilite.php(1191): CWebApplication->processRequest()
#2 /mnt/home/www/texiaoyao/public_html/index.php(28): CApplication->run()
#3 {main}
REQUEST_URI=/login.action
---
2015/05/10 22:57:55 [error] [exception.CHttpException.404] exception 'CHttpException' with message '无法解析请求 "index.action"。' in /mnt/home/www/texiaoyao/public_html/core/framework/yiilite.php:1750
Stack trace:
#0 /mnt/home/www/texiaoyao/public_html/core/framework/yiilite.php(1666): CWebApplication->runController('index.action')
#1 /mnt/home/www/texiaoyao/public_html/core/framework/yiilite.php(1191): CWebApplication->processRequest()
#2 /mnt/home/www/texiaoyao/public_html/index.php(28): CApplication->run()
#3 {main}
REQUEST_URI=/index.action
---
2015/05/10 22:57:55 [error] [exception.CHttpException.404] exception 'CHttpException' with message '无法解析请求 "news.action"。' in /mnt/home/www/texiaoyao/public_html/core/framework/yiilite.php:1750
Stack trace:
#0 /mnt/home/www/texiaoyao/public_html/core/framework/yiilite.php(1666): CWebApplication->runController('news.action')
#1 /mnt/home/www/texiaoyao/public_html/core/framework/yiilite.php(1191): CWebApplication->processRequest()
#2 /mnt/home/www/texiaoyao/public_html/index.php(28): CApplication->run()
#3 {main}
REQUEST_URI=/news.action
---
2015/05/10 22:57:56 [error] [exception.CHttpException.404] exception 'CHttpException' with message '无法解析请求 "login.jsp"。' in /mnt/home/www/texiaoyao/public_html/core/framework/yiilite.php:1750
Stack trace:
#0 /mnt/home/www/texiaoyao/public_html/core/framework/yiilite.php(1666): CWebApplication->runController('login.jsp')
#1 /mnt/home/www/texiaoyao/public_html/core/framework/yiilite.php(1191): CWebApplication->processRequest()
#2 /mnt/home/www/texiaoyao/public_html/index.php(28): CApplication->run()
#3 {main}
REQUEST_URI=/login.jsp
---
2015/05/10 22:57:56 [error] [exception.CHttpException.404] exception 'CHttpException' with message '无法解析请求 "siteEnter.action"。' in /mnt/home/www/texiaoyao/public_html/core/framework/yiilite.php:1750
Stack trace:
#0 /mnt/home/www/texiaoyao/public_html/core/framework/yiilite.php(1666): CWebApplication->runController('siteEnter.actio...')
#1 /mnt/home/www/texiaoyao/public_html/core/framework/yiilite.php(1191): CWebApplication->processRequest()
#2 /mnt/home/www/texiaoyao/public_html/index.php(28): CApplication->run()
#3 {main}
REQUEST_URI=/siteEnter.action
---
2015/05/10 22:57:56 [error] [exception.CHttpException.404] exception 'CHttpException' with message '无法解析请求 "login!init.action"。' in /mnt/home/www/texiaoyao/public_html/core/framework/yiilite.php:1750
Stack trace:
#0 /mnt/home/www/texiaoyao/public_html/core/framework/yiilite.php(1666): CWebApplication->runController('login!init.acti...')
#1 /mnt/home/www/texiaoyao/public_html/core/framework/yiilite.php(1191): CWebApplication->processRequest()
#2 /mnt/home/www/texiaoyao/public_html/index.php(28): CApplication->run()
#3 {main}
REQUEST_URI=/login!init.action
---
2015/05/10 22:57:56 [error] [exception.CHttpException.404] exception 'CHttpException' with message '无法解析请求 "admin/index.jsp"。' in /mnt/home/www/texiaoyao/public_html/core/framework/yiilite.php:1750
Stack trace:
#0 /mnt/home/www/texiaoyao/public_html/core/framework/yiilite.php(1666): CWebApplication->runController('admin/index.jsp')
#1 /mnt/home/www/texiaoyao/public_html/core/framework/yiilite.php(1191): CWebApplication->processRequest()
#2 /mnt/home/www/texiaoyao/public_html/index.php(28): CApplication->run()
#3 {main}
REQUEST_URI=/admin/index.jsp
---
2015/05/10 22:57:56 [error] [exception.CHttpException.404] exception 'CHttpException' with message '无法解析请求 "index!download.action"。' in /mnt/home/www/texiaoyao/public_html/core/framework/yiilite.php:1750
Stack trace:
#0 /mnt/home/www/texiaoyao/public_html/core/framework/yiilite.php(1666): CWebApplication->runController('index!download....')
#1 /mnt/home/www/texiaoyao/public_html/core/framework/yiilite.php(1191): CWebApplication->processRequest()
#2 /mnt/home/www/texiaoyao/public_html/index.php(28): CApplication->run()
#3 {main}
REQUEST_URI=/index!download.action
---
2015/05/10 22:57:56 [error] [exception.CHttpException.404] exception 'CHttpException' with message '无法解析请求 "index!execute.action"。' in /mnt/home/www/texiaoyao/public_html/core/framework/yiilite.php:1750
Stack trace:
#0 /mnt/home/www/texiaoyao/public_html/core/framework/yiilite.php(1666): CWebApplication->runController('index!execute.a...')
#1 /mnt/home/www/texiaoyao/public_html/core/framework/yiilite.php(1191): CWebApplication->processRequest()
#2 /mnt/home/www/texiaoyao/public_html/index.php(28): CApplication->run()
#3 {main}
REQUEST_URI=/index!execute.action
---
2015/05/10 22:57:57 [error] [exception.CHttpException.404] exception 'CHttpException' with message '无法解析请求 "index!WCIndex.action"。' in /mnt/home/www/texiaoyao/public_html/core/framework/yiilite.php:1750
Stack trace:
#0 /mnt/home/www/texiaoyao/public_html/core/framework/yiilite.php(1666): CWebApplication->runController('index!WCIndex.a...')
#1 /mnt/home/www/texiaoyao/public_html/core/framework/yiilite.php(1191): CWebApplication->processRequest()
#2 /mnt/home/www/texiaoyao/public_html/index.php(28): CApplication->run()
#3 {main}
REQUEST_URI=/index!WCIndex.action
---
2015/05/10 22:57:57 [error] [exception.CHttpException.404] exception 'CHttpException' with message '无法解析请求 "index!OAIndex.action"。' in /mnt/home/www/texiaoyao/public_html/core/framework/yiilite.php:1750
Stack trace:
#0 /mnt/home/www/texiaoyao/public_html/core/framework/yiilite.php(1666): CWebApplication->runController('index!OAIndex.a...')
#1 /mnt/home/www/texiaoyao/public_html/core/framework/yiilite.php(1191): CWebApplication->processRequest()
#2 /mnt/home/www/texiaoyao/public_html/index.php(28): CApplication->run()
#3 {main}
REQUEST_URI=/index!OAIndex.action
---
2015/05/10 22:57:57 [error] [exception.CHttpException.404] exception 'CHttpException' with message '无法解析请求 "userInfoAction.action"。' in /mnt/home/www/texiaoyao/public_html/core/framework/yiilite.php:1750
Stack trace:
#0 /mnt/home/www/texiaoyao/public_html/core/framework/yiilite.php(1666): CWebApplication->runController('userInfoAction....')
#1 /mnt/home/www/texiaoyao/public_html/core/framework/yiilite.php(1191): CWebApplication->processRequest()
#2 /mnt/home/www/texiaoyao/public_html/index.php(28): CApplication->run()
#3 {main}
REQUEST_URI=/userInfoAction.action
---
2015/05/10 22:57:57 [error] [exception.CHttpException.404] exception 'CHttpException' with message '无法解析请求 "admin/install!license.action"。' in /mnt/home/www/texiaoyao/public_html/core/framework/yiilite.php:1750
Stack trace:
#0 /mnt/home/www/texiaoyao/public_html/core/framework/yiilite.php(1666): CWebApplication->runController('admin/install!l...')
#1 /mnt/home/www/texiaoyao/public_html/core/framework/yiilite.php(1191): CWebApplication->processRequest()
#2 /mnt/home/www/texiaoyao/public_html/index.php(28): CApplication->run()
#3 {main}
REQUEST_URI=/admin/install!license.action
---
2015/05/10 22:57:58 [error] [exception.CHttpException.404] exception 'CHttpException' with message '无法解析请求 "admin/index.action"。' in /mnt/home/www/texiaoyao/public_html/core/framework/yiilite.php:1750
Stack trace:
#0 /mnt/home/www/texiaoyao/public_html/core/framework/yiilite.php(1666): CWebApplication->runController('admin/index.act...')
#1 /mnt/home/www/texiaoyao/public_html/core/framework/yiilite.php(1191): CWebApplication->processRequest()
#2 /mnt/home/www/texiaoyao/public_html/index.php(28): CApplication->run()
#3 {main}
REQUEST_URI=/admin/index.action
---
2015/05/10 22:57:58 [error] [exception.CHttpException.404] exception 'CHttpException' with message '无法解析请求 "license!getExpireDateOfDays.action"。' in /mnt/home/www/texiaoyao/public_html/core/framework/yiilite.php:1750
Stack trace:
#0 /mnt/home/www/texiaoyao/public_html/core/framework/yiilite.php(1666): CWebApplication->runController('license!getExpi...')
#1 /mnt/home/www/texiaoyao/public_html/core/framework/yiilite.php(1191): CWebApplication->processRequest()
#2 /mnt/home/www/texiaoyao/public_html/index.php(28): CApplication->run()
#3 {main}
REQUEST_URI=/license!getExpireDateOfDays.action
---
2015/05/10 22:57:59 [error] [exception.CHttpException.404] exception 'CHttpException' with message '无法解析请求 "userAction_loginUI.action"。' in /mnt/home/www/texiaoyao/public_html/core/framework/yiilite.php:1750
Stack trace:
#0 /mnt/home/www/texiaoyao/public_html/core/framework/yiilite.php(1666): CWebApplication->runController('userAction_logi...')
#1 /mnt/home/www/texiaoyao/public_html/core/framework/yiilite.php(1191): CWebApplication->processRequest()
#2 /mnt/home/www/texiaoyao/public_html/index.php(28): CApplication->run()
#3 {main}
REQUEST_URI=/userAction_loginUI.action
---
2015/05/10 22:57:59 [error] [exception.CHttpException.404] exception 'CHttpException' with message '无法解析请求 "unAuthorizedAccess.action"。' in /mnt/home/www/texiaoyao/public_html/core/framework/yiilite.php:1750
Stack trace:
#0 /mnt/home/www/texiaoyao/public_html/core/framework/yiilite.php(1666): CWebApplication->runController('unAuthorizedAcc...')
#1 /mnt/home/www/texiaoyao/public_html/core/framework/yiilite.php(1191): CWebApplication->processRequest()
#2 /mnt/home/www/texiaoyao/public_html/index.php(28): CApplication->run()
#3 {main}
REQUEST_URI=/unAuthorizedAccess.action
---
2015/05/10 23:04:19 [error] [exception.CHttpException.404] exception 'CHttpException' with message '无法解析请求 "web/shop/search/category_id/99/sort/name"。' in /mnt/home/www/texiaoyao/public_html/core/framework/yiilite.php:1750
Stack trace:
#0 /mnt/home/www/texiaoyao/public_html/core/framework/yiilite.php(1666): CWebApplication->runController('web/shop/search...')
#1 /mnt/home/www/texiaoyao/public_html/core/framework/yiilite.php(1191): CWebApplication->processRequest()
#2 /mnt/home/www/texiaoyao/public_html/index.php(28): CApplication->run()
#3 {main}
REQUEST_URI=/web/shop/search/category_id/99/sort/name
---
2015/05/10 23:46:41 [error] [exception.CHttpException.404] exception 'CHttpException' with message '无法解析请求 "robots.txt"。' in /mnt/home/www/texiaoyao/public_html/core/framework/yiilite.php:1750
Stack trace:
#0 /mnt/home/www/texiaoyao/public_html/core/framework/yiilite.php(1666): CWebApplication->runController('robots.txt')
#1 /mnt/home/www/texiaoyao/public_html/core/framework/yiilite.php(1191): CWebApplication->processRequest()
#2 /mnt/home/www/texiaoyao/public_html/index.php(28): CApplication->run()
#3 {main}
REQUEST_URI=/robots.txt
---
2015/05/10 23:55:32 [error] [exception.CHttpException.404] exception 'CHttpException' with message '无法解析请求 "robots.txt"。' in /mnt/home/www/texiaoyao/public_html/core/framework/yiilite.php:1750
Stack trace:
#0 /mnt/home/www/texiaoyao/public_html/core/framework/yiilite.php(1666): CWebApplication->runController('robots.txt')
#1 /mnt/home/www/texiaoyao/public_html/core/framework/yiilite.php(1191): CWebApplication->processRequest()
#2 /mnt/home/www/texiaoyao/public_html/index.php(28): CApplication->run()
#3 {main}
REQUEST_URI=/robots.txt
---
2015/05/11 00:48:32 [error] [exception.CHttpException.404] exception 'CHttpException' with message '无法解析请求 "robots.txt"。' in /mnt/home/www/texiaoyao/public_html/core/framework/yiilite.php:1750
Stack trace:
#0 /mnt/home/www/texiaoyao/public_html/core/framework/yiilite.php(1666): CWebApplication->runController('robots.txt')
#1 /mnt/home/www/texiaoyao/public_html/core/framework/yiilite.php(1191): CWebApplication->processRequest()
#2 /mnt/home/www/texiaoyao/public_html/index.php(28): CApplication->run()
#3 {main}
REQUEST_URI=/robots.txt
---
2015/05/11 01:07:25 [error] [exception.CHttpException.404] exception 'CHttpException' with message '无法解析请求 "robots.txt"。' in /mnt/home/www/texiaoyao/public_html/core/framework/yiilite.php:1750
Stack trace:
#0 /mnt/home/www/texiaoyao/public_html/core/framework/yiilite.php(1666): CWebApplication->runController('robots.txt')
#1 /mnt/home/www/texiaoyao/public_html/core/framework/yiilite.php(1191): CWebApplication->processRequest()
#2 /mnt/home/www/texiaoyao/public_html/index.php(28): CApplication->run()
#3 {main}
REQUEST_URI=/robots.txt
---
2015/05/11 02:37:19 [error] [exception.CHttpException.404] exception 'CHttpException' with message '无法解析请求 "web/shop/search/category_id/盆腔炎/sort/price.desc"。' in /mnt/home/www/texiaoyao/public_html/core/framework/yiilite.php:1750
Stack trace:
#0 /mnt/home/www/texiaoyao/public_html/core/framework/yiilite.php(1666): CWebApplication->runController('web/shop/search...')
#1 /mnt/home/www/texiaoyao/public_html/core/framework/yiilite.php(1191): CWebApplication->processRequest()
#2 /mnt/home/www/texiaoyao/public_html/index.php(28): CApplication->run()
#3 {main}
REQUEST_URI=/web/shop/search/category_id/%E7%9B%86%E8%85%94%E7%82%8E/sort/price.desc
---
2015/05/11 03:32:14 [error] [exception.CHttpException.400] exception 'CHttpException' with message 'CSRF token 无法被验证.' in /mnt/home/www/texiaoyao/public_html/core/framework/yiilite.php:2892
Stack trace:
#0 /mnt/home/www/texiaoyao/public_html/core/framework/yiilite.php(832): CHttpRequest->validateCsrfToken(Object(CEvent))
#1 /mnt/home/www/texiaoyao/public_html/core/framework/yiilite.php(1204): CComponent->raiseEvent('onBeginRequest', Object(CEvent))
#2 /mnt/home/www/texiaoyao/public_html/core/framework/yiilite.php(1189): CApplication->onBeginRequest(Object(CEvent))
#3 /mnt/home/www/texiaoyao/public_html/index.php(28): CApplication->run()
#4 {main}
REQUEST_URI=/shop/search.html/trackback/
HTTP_REFERER=http://www.texiaoyao.cn/shop/search.html?category_id=100
---
2015/05/11 03:32:14 [error] [exception.CHttpException.400] exception 'CHttpException' with message 'CSRF token 无法被验证.' in /mnt/home/www/texiaoyao/public_html/core/framework/yiilite.php:2892
Stack trace:
#0 /mnt/home/www/texiaoyao/public_html/core/framework/yiilite.php(832): CHttpRequest->validateCsrfToken(Object(CEvent))
#1 /mnt/home/www/texiaoyao/public_html/core/framework/yiilite.php(1204): CComponent->raiseEvent('onBeginRequest', Object(CEvent))
#2 /mnt/home/www/texiaoyao/public_html/core/framework/yiilite.php(1189): CApplication->onBeginRequest(Object(CEvent))
#3 /mnt/home/www/texiaoyao/public_html/index.php(28): CApplication->run()
#4 {main}
REQUEST_URI=/shop/search.html/trackback/
HTTP_REFERER=http://www.texiaoyao.cn/shop/search.html?category_id=55
---
2015/05/11 03:32:15 [error] [exception.CHttpException.400] exception 'CHttpException' with message 'CSRF token 无法被验证.' in /mnt/home/www/texiaoyao/public_html/core/framework/yiilite.php:2892
Stack trace:
#0 /mnt/home/www/texiaoyao/public_html/core/framework/yiilite.php(832): CHttpRequest->validateCsrfToken(Object(CEvent))
#1 /mnt/home/www/texiaoyao/public_html/core/framework/yiilite.php(1204): CComponent->raiseEvent('onBeginRequest', Object(CEvent))
#2 /mnt/home/www/texiaoyao/public_html/core/framework/yiilite.php(1189): CApplication->onBeginRequest(Object(CEvent))
#3 /mnt/home/www/texiaoyao/public_html/index.php(28): CApplication->run()
#4 {main}
REQUEST_URI=/shop/search.html/trackback/
HTTP_REFERER=http://www.texiaoyao.cn/shop/search.html?category_id=29
---
2015/05/11 03:37:30 [error] [exception.CHttpException.404] exception 'CHttpException' with message '系统无法找到请求的 "search.html" 动作.' in /mnt/home/www/texiaoyao/public_html/core/framework/yiilite.php:3668
Stack trace:
#0 /mnt/home/www/texiaoyao/public_html/core/framework/yiilite.php(3550): CController->missingAction('search.html')
#1 /mnt/home/www/texiaoyao/public_html/core/framework/yiilite.php(1746): CController->run('search.html')
#2 /mnt/home/www/texiaoyao/public_html/core/framework/yiilite.php(1666): CWebApplication->runController('shop/search.htm...')
#3 /mnt/home/www/texiaoyao/public_html/core/framework/yiilite.php(1191): CWebApplication->processRequest()
#4 /mnt/home/www/texiaoyao/public_html/index.php(28): CApplication->run()
#5 {main}
REQUEST_URI=/shop/search.html/trackback/
---
2015/05/11 04:39:24 [error] [exception.CHttpException.404] exception 'CHttpException' with message '无法解析请求 "robots.txt"。' in /mnt/home/www/texiaoyao/public_html/core/framework/yiilite.php:1750
Stack trace:
#0 /mnt/home/www/texiaoyao/public_html/core/framework/yiilite.php(1666): CWebApplication->runController('robots.txt')
#1 /mnt/home/www/texiaoyao/public_html/core/framework/yiilite.php(1191): CWebApplication->processRequest()
#2 /mnt/home/www/texiaoyao/public_html/index.php(28): CApplication->run()
#3 {main}
REQUEST_URI=/robots.txt
---
2015/05/11 06:39:48 [error] [exception.CHttpException.404] exception 'CHttpException' with message '无法解析请求 "robots.txt"。' in /mnt/home/www/texiaoyao/public_html/core/framework/yiilite.php:1750
Stack trace:
#0 /mnt/home/www/texiaoyao/public_html/core/framework/yiilite.php(1666): CWebApplication->runController('robots.txt')
#1 /mnt/home/www/texiaoyao/public_html/core/framework/yiilite.php(1191): CWebApplication->processRequest()
#2 /mnt/home/www/texiaoyao/public_html/index.php(28): CApplication->run()
#3 {main}
REQUEST_URI=/robots.txt
---
2015/05/11 07:49:18 [error] [exception.CHttpException.400] exception 'CHttpException' with message 'CSRF token 无法被验证.' in /mnt/home/www/texiaoyao/public_html/core/framework/yiilite.php:2892
Stack trace:
#0 /mnt/home/www/texiaoyao/public_html/core/framework/yiilite.php(832): CHttpRequest->validateCsrfToken(Object(CEvent))
#1 /mnt/home/www/texiaoyao/public_html/core/framework/yiilite.php(1204): CComponent->raiseEvent('onBeginRequest', Object(CEvent))
#2 /mnt/home/www/texiaoyao/public_html/core/framework/yiilite.php(1189): CApplication->onBeginRequest(Object(CEvent))
#3 /mnt/home/www/texiaoyao/public_html/index.php(28): CApplication->run()
#4 {main}
REQUEST_URI=/shop/search.html/trackback/
HTTP_REFERER=http://texiaoyao.cn/shop/search.html?category_id=61
---
2015/05/11 07:53:08 [error] [exception.CHttpException.404] exception 'CHttpException' with message '系统无法找到请求的 "search.html" 动作.' in /mnt/home/www/texiaoyao/public_html/core/framework/yiilite.php:3668
Stack trace:
#0 /mnt/home/www/texiaoyao/public_html/core/framework/yiilite.php(3550): CController->missingAction('search.html')
#1 /mnt/home/www/texiaoyao/public_html/core/framework/yiilite.php(1746): CController->run('search.html')
#2 /mnt/home/www/texiaoyao/public_html/core/framework/yiilite.php(1666): CWebApplication->runController('shop/search.htm...')
#3 /mnt/home/www/texiaoyao/public_html/core/framework/yiilite.php(1191): CWebApplication->processRequest()
#4 /mnt/home/www/texiaoyao/public_html/index.php(28): CApplication->run()
#5 {main}
REQUEST_URI=/shop/search.html/trackback/
---
2015/05/11 07:53:14 [error] [exception.CHttpException.404] exception 'CHttpException' with message '系统无法找到请求的 "1" 动作.' in /mnt/home/www/texiaoyao/public_html/core/framework/yiilite.php:3668
Stack trace:
#0 /mnt/home/www/texiaoyao/public_html/core/framework/yiilite.php(3550): CController->missingAction('1')
#1 /mnt/home/www/texiaoyao/public_html/core/framework/yiilite.php(1746): CController->run('1')
#2 /mnt/home/www/texiaoyao/public_html/core/framework/yiilite.php(1666): CWebApplication->runController('post/1')
#3 /mnt/home/www/texiaoyao/public_html/core/framework/yiilite.php(1191): CWebApplication->processRequest()
#4 /mnt/home/www/texiaoyao/public_html/index.php(28): CApplication->run()
#5 {main}
REQUEST_URI=/post/1.html?title=%E6%AC%A2%E8%BF%8E%E6%9D%A5%E5%88%B0%E7%89%B9%E6%95%88%E8%8D%AF%E6%AF%94%E4%BB%B7%E7%BD%91
---
2015/05/11 09:14:32 [error] [exception.CHttpException.404] exception 'CHttpException' with message '无法解析请求 "robots.txt"。' in /mnt/home/www/texiaoyao/public_html/core/framework/yiilite.php:1750
Stack trace:
#0 /mnt/home/www/texiaoyao/public_html/core/framework/yiilite.php(1666): CWebApplication->runController('robots.txt')
#1 /mnt/home/www/texiaoyao/public_html/core/framework/yiilite.php(1191): CWebApplication->processRequest()
#2 /mnt/home/www/texiaoyao/public_html/index.php(28): CApplication->run()
#3 {main}
REQUEST_URI=/robots.txt
---
2015/05/11 12:42:50 [error] [exception.CHttpException.404] exception 'CHttpException' with message '无法解析请求 "robots.txt"。' in /mnt/home/www/texiaoyao/public_html/core/framework/yiilite.php:1750
Stack trace:
#0 /mnt/home/www/texiaoyao/public_html/core/framework/yiilite.php(1666): CWebApplication->runController('robots.txt')
#1 /mnt/home/www/texiaoyao/public_html/core/framework/yiilite.php(1191): CWebApplication->processRequest()
#2 /mnt/home/www/texiaoyao/public_html/index.php(28): CApplication->run()
#3 {main}
REQUEST_URI=/robots.txt
---
2015/05/11 12:48:12 [error] [exception.CHttpException.404] exception 'CHttpException' with message '无法解析请求 "robots.txt"。' in /mnt/home/www/texiaoyao/public_html/core/framework/yiilite.php:1750
Stack trace:
#0 /mnt/home/www/texiaoyao/public_html/core/framework/yiilite.php(1666): CWebApplication->runController('robots.txt')
#1 /mnt/home/www/texiaoyao/public_html/core/framework/yiilite.php(1191): CWebApplication->processRequest()
#2 /mnt/home/www/texiaoyao/public_html/index.php(28): CApplication->run()
#3 {main}
REQUEST_URI=/robots.txt
---
2015/05/11 12:54:49 [error] [exception.CHttpException.404] exception 'CHttpException' with message '无法解析请求 "robots.txt"。' in /mnt/home/www/texiaoyao/public_html/core/framework/yiilite.php:1750
Stack trace:
#0 /mnt/home/www/texiaoyao/public_html/core/framework/yiilite.php(1666): CWebApplication->runController('robots.txt')
#1 /mnt/home/www/texiaoyao/public_html/core/framework/yiilite.php(1191): CWebApplication->processRequest()
#2 /mnt/home/www/texiaoyao/public_html/index.php(28): CApplication->run()
#3 {main}
REQUEST_URI=/robots.txt
---
2015/05/11 12:54:49 [error] [exception.CHttpException.404] exception 'CHttpException' with message '无法解析请求 "robots.txt"。' in /mnt/home/www/texiaoyao/public_html/core/framework/yiilite.php:1750
Stack trace:
#0 /mnt/home/www/texiaoyao/public_html/core/framework/yiilite.php(1666): CWebApplication->runController('robots.txt')
#1 /mnt/home/www/texiaoyao/public_html/core/framework/yiilite.php(1191): CWebApplication->processRequest()
#2 /mnt/home/www/texiaoyao/public_html/index.php(28): CApplication->run()
#3 {main}
REQUEST_URI=/robots.txt
---
2015/05/11 12:54:54 [error] [exception.CHttpException.404] exception 'CHttpException' with message '无法解析请求 "robots.txt"。' in /mnt/home/www/texiaoyao/public_html/core/framework/yiilite.php:1750
Stack trace:
#0 /mnt/home/www/texiaoyao/public_html/core/framework/yiilite.php(1666): CWebApplication->runController('robots.txt')
#1 /mnt/home/www/texiaoyao/public_html/core/framework/yiilite.php(1191): CWebApplication->processRequest()
#2 /mnt/home/www/texiaoyao/public_html/index.php(28): CApplication->run()
#3 {main}
REQUEST_URI=/robots.txt
---
2015/05/11 12:59:06 [error] [exception.CHttpException.404] exception 'CHttpException' with message '无法解析请求 "robots.txt"。' in /mnt/home/www/texiaoyao/public_html/core/framework/yiilite.php:1750
Stack trace:
#0 /mnt/home/www/texiaoyao/public_html/core/framework/yiilite.php(1666): CWebApplication->runController('robots.txt')
#1 /mnt/home/www/texiaoyao/public_html/core/framework/yiilite.php(1191): CWebApplication->processRequest()
#2 /mnt/home/www/texiaoyao/public_html/index.php(28): CApplication->run()
#3 {main}
REQUEST_URI=/robots.txt
HTTP_REFERER=http://www.baidu.com/s?wd=www
---
2015/05/11 13:08:00 [error] [exception.CHttpException.404] exception 'CHttpException' with message '无法解析请求 "robots.txt"。' in /mnt/home/www/texiaoyao/public_html/core/framework/yiilite.php:1750
Stack trace:
#0 /mnt/home/www/texiaoyao/public_html/core/framework/yiilite.php(1666): CWebApplication->runController('robots.txt')
#1 /mnt/home/www/texiaoyao/public_html/core/framework/yiilite.php(1191): CWebApplication->processRequest()
#2 /mnt/home/www/texiaoyao/public_html/index.php(28): CApplication->run()
#3 {main}
REQUEST_URI=/robots.txt
---
2015/05/11 13:39:24 [error] [exception.CHttpException.404] exception 'CHttpException' with message '无法解析请求 "console/j_security_check"。' in /mnt/home/www/texiaoyao/public_html/core/framework/yiilite.php:1750
Stack trace:
#0 /mnt/home/www/texiaoyao/public_html/core/framework/yiilite.php(1666): CWebApplication->runController('console/j_secur...')
#1 /mnt/home/www/texiaoyao/public_html/core/framework/yiilite.php(1191): CWebApplication->processRequest()
#2 /mnt/home/www/texiaoyao/public_html/index.php(28): CApplication->run()
#3 {main}
REQUEST_URI=/console/j_security_check
---
2015/05/11 14:02:48 [error] [exception.CHttpException.404] exception 'CHttpException' with message '无法解析请求 "2013/10/php-soap-wsdl-实例"。' in /mnt/home/www/texiaoyao/public_html/core/framework/yiilite.php:1750
Stack trace:
#0 /mnt/home/www/texiaoyao/public_html/core/framework/yiilite.php(1666): CWebApplication->runController('2013/10/php-soa...')
#1 /mnt/home/www/texiaoyao/public_html/core/framework/yiilite.php(1191): CWebApplication->processRequest()
#2 /mnt/home/www/texiaoyao/public_html/index.php(28): CApplication->run()
#3 {main}
REQUEST_URI=/2013/10/php-soap-wsdl-%e5%ae%9e%e4%be%8b.html
---
2015/05/11 14:27:07 [error] [exception.CHttpException.404] exception 'CHttpException' with message '无法解析请求 "robots.txt"。' in /mnt/home/www/texiaoyao/public_html/core/framework/yiilite.php:1750
Stack trace:
#0 /mnt/home/www/texiaoyao/public_html/core/framework/yiilite.php(1666): CWebApplication->runController('robots.txt')
#1 /mnt/home/www/texiaoyao/public_html/core/framework/yiilite.php(1191): CWebApplication->processRequest()
#2 /mnt/home/www/texiaoyao/public_html/index.php(28): CApplication->run()
#3 {main}
REQUEST_URI=/robots.txt
---
2015/05/11 15:39:32 [error] [exception.CHttpException.400] exception 'CHttpException' with message 'CSRF token 无法被验证.' in /mnt/home/www/texiaoyao/public_html/core/framework/yiilite.php:2892
Stack trace:
#0 /mnt/home/www/texiaoyao/public_html/core/framework/yiilite.php(832): CHttpRequest->validateCsrfToken(Object(CEvent))
#1 /mnt/home/www/texiaoyao/public_html/core/framework/yiilite.php(1204): CComponent->raiseEvent('onBeginRequest', Object(CEvent))
#2 /mnt/home/www/texiaoyao/public_html/core/framework/yiilite.php(1189): CApplication->onBeginRequest(Object(CEvent))
#3 /mnt/home/www/texiaoyao/public_html/index.php(28): CApplication->run()
#4 {main}
REQUEST_URI=/shop/search.html/trackback/
HTTP_REFERER=http://texiaoyao.cn/shop/search.html?category_id=1
---
2015/05/11 15:39:33 [error] [exception.CHttpException.400] exception 'CHttpException' with message 'CSRF token 无法被验证.' in /mnt/home/www/texiaoyao/public_html/core/framework/yiilite.php:2892
Stack trace:
#0 /mnt/home/www/texiaoyao/public_html/core/framework/yiilite.php(832): CHttpRequest->validateCsrfToken(Object(CEvent))
#1 /mnt/home/www/texiaoyao/public_html/core/framework/yiilite.php(1204): CComponent->raiseEvent('onBeginRequest', Object(CEvent))
#2 /mnt/home/www/texiaoyao/public_html/core/framework/yiilite.php(1189): CApplication->onBeginRequest(Object(CEvent))
#3 /mnt/home/www/texiaoyao/public_html/index.php(28): CApplication->run()
#4 {main}
REQUEST_URI=/shop/search.html/trackback/
HTTP_REFERER=http://texiaoyao.cn/shop/search.html?category_id=2
---
2015/05/11 16:17:52 [error] [exception.CHttpException.404] exception 'CHttpException' with message '无法解析请求 "robots.txt"。' in /mnt/home/www/texiaoyao/public_html/core/framework/yiilite.php:1750
Stack trace:
#0 /mnt/home/www/texiaoyao/public_html/core/framework/yiilite.php(1666): CWebApplication->runController('robots.txt')
#1 /mnt/home/www/texiaoyao/public_html/core/framework/yiilite.php(1191): CWebApplication->processRequest()
#2 /mnt/home/www/texiaoyao/public_html/index.php(28): CApplication->run()
#3 {main}
REQUEST_URI=/robots.txt
---
2015/05/11 20:07:40 [error] [exception.CHttpException.404] exception 'CHttpException' with message '无法解析请求 "robots.txt"。' in /mnt/home/www/texiaoyao/public_html/core/framework/yiilite.php:1750
Stack trace:
#0 /mnt/home/www/texiaoyao/public_html/core/framework/yiilite.php(1666): CWebApplication->runController('robots.txt')
#1 /mnt/home/www/texiaoyao/public_html/core/framework/yiilite.php(1191): CWebApplication->processRequest()
#2 /mnt/home/www/texiaoyao/public_html/index.php(28): CApplication->run()
#3 {main}
REQUEST_URI=/robots.txt
---
2015/05/11 20:07:57 [error] [exception.CHttpException.404] exception 'CHttpException' with message '无法解析请求 "robots.txt"。' in /mnt/home/www/texiaoyao/public_html/core/framework/yiilite.php:1750
Stack trace:
#0 /mnt/home/www/texiaoyao/public_html/core/framework/yiilite.php(1666): CWebApplication->runController('robots.txt')
#1 /mnt/home/www/texiaoyao/public_html/core/framework/yiilite.php(1191): CWebApplication->processRequest()
#2 /mnt/home/www/texiaoyao/public_html/index.php(28): CApplication->run()
#3 {main}
REQUEST_URI=/robots.txt
---
2015/05/11 20:34:14 [error] [exception.CHttpException.400] exception 'CHttpException' with message 'CSRF token 无法被验证.' in /mnt/home/www/texiaoyao/public_html/core/framework/yiilite.php:2892
Stack trace:
#0 /mnt/home/www/texiaoyao/public_html/core/framework/yiilite.php(832): CHttpRequest->validateCsrfToken(Object(CEvent))
#1 /mnt/home/www/texiaoyao/public_html/core/framework/yiilite.php(1204): CComponent->raiseEvent('onBeginRequest', Object(CEvent))
#2 /mnt/home/www/texiaoyao/public_html/core/framework/yiilite.php(1189): CApplication->onBeginRequest(Object(CEvent))
#3 /mnt/home/www/texiaoyao/public_html/index.php(28): CApplication->run()
#4 {main}
REQUEST_URI=/shop/search.html/trackback/
HTTP_REFERER=http://texiaoyao.cn/shop/search.html?category_id=47
---
2015/05/11 20:34:15 [error] [exception.CHttpException.400] exception 'CHttpException' with message 'CSRF token 无法被验证.' in /mnt/home/www/texiaoyao/public_html/core/framework/yiilite.php:2892
Stack trace:
#0 /mnt/home/www/texiaoyao/public_html/core/framework/yiilite.php(832): CHttpRequest->validateCsrfToken(Object(CEvent))
#1 /mnt/home/www/texiaoyao/public_html/core/framework/yiilite.php(1204): CComponent->raiseEvent('onBeginRequest', Object(CEvent))
#2 /mnt/home/www/texiaoyao/public_html/core/framework/yiilite.php(1189): CApplication->onBeginRequest(Object(CEvent))
#3 /mnt/home/www/texiaoyao/public_html/index.php(28): CApplication->run()
#4 {main}
REQUEST_URI=/shop/search.html/trackback/
HTTP_REFERER=http://texiaoyao.cn/shop/search.html?category_id=61
---
2015/05/11 20:34:15 [error] [exception.CHttpException.400] exception 'CHttpException' with message 'CSRF token 无法被验证.' in /mnt/home/www/texiaoyao/public_html/core/framework/yiilite.php:2892
Stack trace:
#0 /mnt/home/www/texiaoyao/public_html/core/framework/yiilite.php(832): CHttpRequest->validateCsrfToken(Object(CEvent))
#1 /mnt/home/www/texiaoyao/public_html/core/framework/yiilite.php(1204): CComponent->raiseEvent('onBeginRequest', Object(CEvent))
#2 /mnt/home/www/texiaoyao/public_html/core/framework/yiilite.php(1189): CApplication->onBeginRequest(Object(CEvent))
#3 /mnt/home/www/texiaoyao/public_html/index.php(28): CApplication->run()
#4 {main}
REQUEST_URI=/shop/search.html/trackback/
HTTP_REFERER=http://texiaoyao.cn/shop/search.html?category_id=85
---
2015/05/11 20:34:15 [error] [exception.CHttpException.400] exception 'CHttpException' with message 'CSRF token 无法被验证.' in /mnt/home/www/texiaoyao/public_html/core/framework/yiilite.php:2892
Stack trace:
#0 /mnt/home/www/texiaoyao/public_html/core/framework/yiilite.php(832): CHttpRequest->validateCsrfToken(Object(CEvent))
#1 /mnt/home/www/texiaoyao/public_html/core/framework/yiilite.php(1204): CComponent->raiseEvent('onBeginRequest', Object(CEvent))
#2 /mnt/home/www/texiaoyao/public_html/core/framework/yiilite.php(1189): CApplication->onBeginRequest(Object(CEvent))
#3 /mnt/home/www/texiaoyao/public_html/index.php(28): CApplication->run()
#4 {main}
REQUEST_URI=/shop/search.html/trackback/
HTTP_REFERER=http://texiaoyao.cn/shop/search.html?category_id=yHo
---
2015/05/11 21:02:04 [error] [exception.CHttpException.400] exception 'CHttpException' with message 'CSRF token 无法被验证.' in /mnt/home/www/texiaoyao/public_html/core/framework/yiilite.php:2892
Stack trace:
#0 /mnt/home/www/texiaoyao/public_html/core/framework/yiilite.php(832): CHttpRequest->validateCsrfToken(Object(CEvent))
#1 /mnt/home/www/texiaoyao/public_html/core/framework/yiilite.php(1204): CComponent->raiseEvent('onBeginRequest', Object(CEvent))
#2 /mnt/home/www/texiaoyao/public_html/core/framework/yiilite.php(1189): CApplication->onBeginRequest(Object(CEvent))
#3 /mnt/home/www/texiaoyao/public_html/index.php(28): CApplication->run()
#4 {main}
REQUEST_URI=/shop/search.html/trackback/
HTTP_REFERER=http://www.texiaoyao.cn/shop/search.html?category_id=29
---
2015/05/11 21:02:04 [error] [exception.CHttpException.400] exception 'CHttpException' with message 'CSRF token 无法被验证.' in /mnt/home/www/texiaoyao/public_html/core/framework/yiilite.php:2892
Stack trace:
#0 /mnt/home/www/texiaoyao/public_html/core/framework/yiilite.php(832): CHttpRequest->validateCsrfToken(Object(CEvent))
#1 /mnt/home/www/texiaoyao/public_html/core/framework/yiilite.php(1204): CComponent->raiseEvent('onBeginRequest', Object(CEvent))
#2 /mnt/home/www/texiaoyao/public_html/core/framework/yiilite.php(1189): CApplication->onBeginRequest(Object(CEvent))
#3 /mnt/home/www/texiaoyao/public_html/index.php(28): CApplication->run()
#4 {main}
REQUEST_URI=/shop/search.html/trackback/
HTTP_REFERER=http://www.texiaoyao.cn/shop/search.html?category_id=100
---
2015/05/11 22:04:39 [error] [exception.CHttpException.404] exception 'CHttpException' with message '无法解析请求 "web/shop/search/category_id/3/Shop_sort/image"。' in /mnt/home/www/texiaoyao/public_html/core/framework/yiilite.php:1750
Stack trace:
#0 /mnt/home/www/texiaoyao/public_html/core/framework/yiilite.php(1666): CWebApplication->runController('web/shop/search...')
#1 /mnt/home/www/texiaoyao/public_html/core/framework/yiilite.php(1191): CWebApplication->processRequest()
#2 /mnt/home/www/texiaoyao/public_html/index.php(28): CApplication->run()
#3 {main}
REQUEST_URI=/web/shop/search/category_id/3/Shop_sort/image
---
2015/05/11 23:32:13 [error] [exception.CHttpException.404] exception 'CHttpException' with message '无法解析请求 "robots.txt"。' in /mnt/home/www/texiaoyao/public_html/core/framework/yiilite.php:1750
Stack trace:
#0 /mnt/home/www/texiaoyao/public_html/core/framework/yiilite.php(1666): CWebApplication->runController('robots.txt')
#1 /mnt/home/www/texiaoyao/public_html/core/framework/yiilite.php(1191): CWebApplication->processRequest()
#2 /mnt/home/www/texiaoyao/public_html/index.php(28): CApplication->run()
#3 {main}
REQUEST_URI=/robots.txt
---
2015/05/11 23:40:01 [error] [exception.CHttpException.404] exception 'CHttpException' with message '无法解析请求 "robots.txt"。' in /mnt/home/www/texiaoyao/public_html/core/framework/yiilite.php:1750
Stack trace:
#0 /mnt/home/www/texiaoyao/public_html/core/framework/yiilite.php(1666): CWebApplication->runController('robots.txt')
#1 /mnt/home/www/texiaoyao/public_html/core/framework/yiilite.php(1191): CWebApplication->processRequest()
#2 /mnt/home/www/texiaoyao/public_html/index.php(28): CApplication->run()
#3 {main}
REQUEST_URI=/robots.txt
---
2015/05/12 00:44:57 [error] [exception.CHttpException.404] exception 'CHttpException' with message '无法解析请求 "robots.txt"。' in /mnt/home/www/texiaoyao/public_html/core/framework/yiilite.php:1750
Stack trace:
#0 /mnt/home/www/texiaoyao/public_html/core/framework/yiilite.php(1666): CWebApplication->runController('robots.txt')
#1 /mnt/home/www/texiaoyao/public_html/core/framework/yiilite.php(1191): CWebApplication->processRequest()
#2 /mnt/home/www/texiaoyao/public_html/index.php(28): CApplication->run()
#3 {main}
REQUEST_URI=/robots.txt
---
2015/05/12 00:57:30 [error] [exception.CHttpException.404] exception 'CHttpException' with message '无法解析请求 "robots.txt"。' in /mnt/home/www/texiaoyao/public_html/core/framework/yiilite.php:1750
Stack trace:
#0 /mnt/home/www/texiaoyao/public_html/core/framework/yiilite.php(1666): CWebApplication->runController('robots.txt')
#1 /mnt/home/www/texiaoyao/public_html/core/framework/yiilite.php(1191): CWebApplication->processRequest()
#2 /mnt/home/www/texiaoyao/public_html/index.php(28): CApplication->run()
#3 {main}
REQUEST_URI=/robots.txt
---
2015/05/12 01:13:43 [error] [exception.CHttpException.404] exception 'CHttpException' with message '无法解析请求 "robots.txt"。' in /mnt/home/www/texiaoyao/public_html/core/framework/yiilite.php:1750
Stack trace:
#0 /mnt/home/www/texiaoyao/public_html/core/framework/yiilite.php(1666): CWebApplication->runController('robots.txt')
#1 /mnt/home/www/texiaoyao/public_html/core/framework/yiilite.php(1191): CWebApplication->processRequest()
#2 /mnt/home/www/texiaoyao/public_html/index.php(28): CApplication->run()
#3 {main}
REQUEST_URI=/robots.txt
---
2015/05/12 01:16:26 [error] [exception.CHttpException.404] exception 'CHttpException' with message '无法解析请求 "robots.txt"。' in /mnt/home/www/texiaoyao/public_html/core/framework/yiilite.php:1750
Stack trace:
#0 /mnt/home/www/texiaoyao/public_html/core/framework/yiilite.php(1666): CWebApplication->runController('robots.txt')
#1 /mnt/home/www/texiaoyao/public_html/core/framework/yiilite.php(1191): CWebApplication->processRequest()
#2 /mnt/home/www/texiaoyao/public_html/index.php(28): CApplication->run()
#3 {main}
REQUEST_URI=/robots.txt
---
2015/05/12 03:29:37 [error] [exception.CHttpException.404] exception 'CHttpException' with message '无法解析请求 "robots.txt"。' in /mnt/home/www/texiaoyao/public_html/core/framework/yiilite.php:1750
Stack trace:
#0 /mnt/home/www/texiaoyao/public_html/core/framework/yiilite.php(1666): CWebApplication->runController('robots.txt')
#1 /mnt/home/www/texiaoyao/public_html/core/framework/yiilite.php(1191): CWebApplication->processRequest()
#2 /mnt/home/www/texiaoyao/public_html/index.php(28): CApplication->run()
#3 {main}
REQUEST_URI=/robots.txt
---
2015/05/12 04:02:54 [error] [exception.CHttpException.404] exception 'CHttpException' with message '无法解析请求 "robots.txt"。' in /mnt/home/www/texiaoyao/public_html/core/framework/yiilite.php:1750
Stack trace:
#0 /mnt/home/www/texiaoyao/public_html/core/framework/yiilite.php(1666): CWebApplication->runController('robots.txt')
#1 /mnt/home/www/texiaoyao/public_html/core/framework/yiilite.php(1191): CWebApplication->processRequest()
#2 /mnt/home/www/texiaoyao/public_html/index.php(28): CApplication->run()
#3 {main}
REQUEST_URI=/robots.txt
---
2015/05/12 06:41:02 [error] [exception.CHttpException.400] exception 'CHttpException' with message 'CSRF token 无法被验证.' in /mnt/home/www/texiaoyao/public_html/core/framework/yiilite.php:2892
Stack trace:
#0 /mnt/home/www/texiaoyao/public_html/core/framework/yiilite.php(832): CHttpRequest->validateCsrfToken(Object(CEvent))
#1 /mnt/home/www/texiaoyao/public_html/core/framework/yiilite.php(1204): CComponent->raiseEvent('onBeginRequest', Object(CEvent))
#2 /mnt/home/www/texiaoyao/public_html/core/framework/yiilite.php(1189): CApplication->onBeginRequest(Object(CEvent))
#3 /mnt/home/www/texiaoyao/public_html/index.php(28): CApplication->run()
#4 {main}
REQUEST_URI=/shop/search.html/trackback/
HTTP_REFERER=http://texiaoyao.cn/shop/search.html?category_id=71
---
2015/05/12 08:31:39 [error] [exception.CHttpException.404] exception 'CHttpException' with message '无法解析请求 "account/signup"。' in /mnt/home/www/texiaoyao/public_html/core/framework/yiilite.php:1750
Stack trace:
#0 /mnt/home/www/texiaoyao/public_html/core/framework/yiilite.php(1666): CWebApplication->runController('account/signup')
#1 /mnt/home/www/texiaoyao/public_html/core/framework/yiilite.php(1191): CWebApplication->processRequest()
#2 /mnt/home/www/texiaoyao/public_html/index.php(28): CApplication->run()
#3 {main}
REQUEST_URI=/account/signup/?login_provider=local
HTTP_REFERER=http://www.texiaoyao.cn/account/signup/?login_provider=local
---
2015/05/12 08:31:43 [error] [exception.CHttpException.404] exception 'CHttpException' with message '系统无法找到请求的 "account" 动作.' in /mnt/home/www/texiaoyao/public_html/core/framework/yiilite.php:3668
Stack trace:
#0 /mnt/home/www/texiaoyao/public_html/core/framework/yiilite.php(3550): CController->missingAction('account')
#1 /mnt/home/www/texiaoyao/public_html/core/framework/yiilite.php(1746): CController->run('account')
#2 /mnt/home/www/texiaoyao/public_html/core/framework/yiilite.php(1666): CWebApplication->runController('shop/account/si...')
#3 /mnt/home/www/texiaoyao/public_html/core/framework/yiilite.php(1191): CWebApplication->processRequest()
#4 /mnt/home/www/texiaoyao/public_html/index.php(28): CApplication->run()
#5 {main}
REQUEST_URI=/shop/account/signup/?login_provider=local
HTTP_REFERER=http://www.texiaoyao.cn/shop/account/signup/?login_provider=local
---
2015/05/12 08:32:30 [error] [exception.CHttpException.400] exception 'CHttpException' with message 'CSRF token 无法被验证.' in /mnt/home/www/texiaoyao/public_html/core/framework/yiilite.php:2892
Stack trace:
#0 /mnt/home/www/texiaoyao/public_html/core/framework/yiilite.php(832): CHttpRequest->validateCsrfToken(Object(CEvent))
#1 /mnt/home/www/texiaoyao/public_html/core/framework/yiilite.php(1204): CComponent->raiseEvent('onBeginRequest', Object(CEvent))
#2 /mnt/home/www/texiaoyao/public_html/core/framework/yiilite.php(1189): CApplication->onBeginRequest(Object(CEvent))
#3 /mnt/home/www/texiaoyao/public_html/index.php(28): CApplication->run()
#4 {main}
REQUEST_URI=/shop/search.html/trackback/
HTTP_REFERER=http://texiaoyao.cn/shop/search.html?category_id=47
---
2015/05/12 08:32:30 [error] [exception.CHttpException.400] exception 'CHttpException' with message 'CSRF token 无法被验证.' in /mnt/home/www/texiaoyao/public_html/core/framework/yiilite.php:2892
Stack trace:
#0 /mnt/home/www/texiaoyao/public_html/core/framework/yiilite.php(832): CHttpRequest->validateCsrfToken(Object(CEvent))
#1 /mnt/home/www/texiaoyao/public_html/core/framework/yiilite.php(1204): CComponent->raiseEvent('onBeginRequest', Object(CEvent))
#2 /mnt/home/www/texiaoyao/public_html/core/framework/yiilite.php(1189): CApplication->onBeginRequest(Object(CEvent))
#3 /mnt/home/www/texiaoyao/public_html/index.php(28): CApplication->run()
#4 {main}
REQUEST_URI=/shop/search.html/trackback/
HTTP_REFERER=http://texiaoyao.cn/shop/search.html?category_id=yHo&Shop_page=13
---
2015/05/12 08:32:30 [error] [exception.CHttpException.400] exception 'CHttpException' with message 'CSRF token 无法被验证.' in /mnt/home/www/texiaoyao/public_html/core/framework/yiilite.php:2892
Stack trace:
#0 /mnt/home/www/texiaoyao/public_html/core/framework/yiilite.php(832): CHttpRequest->validateCsrfToken(Object(CEvent))
#1 /mnt/home/www/texiaoyao/public_html/core/framework/yiilite.php(1204): CComponent->raiseEvent('onBeginRequest', Object(CEvent))
#2 /mnt/home/www/texiaoyao/public_html/core/framework/yiilite.php(1189): CApplication->onBeginRequest(Object(CEvent))
#3 /mnt/home/www/texiaoyao/public_html/index.php(28): CApplication->run()
#4 {main}
REQUEST_URI=/shop/search.html/trackback/
HTTP_REFERER=http://texiaoyao.cn/shop/search.html?category_id=yHo&sort=name&Shop_page=7
---
2015/05/12 09:35:10 [error] [exception.CHttpException.404] exception 'CHttpException' with message '系统无法找到请求的 "search.html" 动作.' in /mnt/home/www/texiaoyao/public_html/core/framework/yiilite.php:3668
Stack trace:
#0 /mnt/home/www/texiaoyao/public_html/core/framework/yiilite.php(3550): CController->missingAction('search.html')
#1 /mnt/home/www/texiaoyao/public_html/core/framework/yiilite.php(1746): CController->run('search.html')
#2 /mnt/home/www/texiaoyao/public_html/core/framework/yiilite.php(1666): CWebApplication->runController('shop/search.htm...')
#3 /mnt/home/www/texiaoyao/public_html/core/framework/yiilite.php(1191): CWebApplication->processRequest()
#4 /mnt/home/www/texiaoyao/public_html/index.php(28): CApplication->run()
#5 {main}
REQUEST_URI=/shop/search.html/trackback/
---
2015/05/12 09:37:20 [error] [exception.CHttpException.404] exception 'CHttpException' with message '系统无法找到请求的 "search.html" 动作.' in /mnt/home/www/texiaoyao/public_html/core/framework/yiilite.php:3668
Stack trace:
#0 /mnt/home/www/texiaoyao/public_html/core/framework/yiilite.php(3550): CController->missingAction('search.html')
#1 /mnt/home/www/texiaoyao/public_html/core/framework/yiilite.php(1746): CController->run('search.html')
#2 /mnt/home/www/texiaoyao/public_html/core/framework/yiilite.php(1666): CWebApplication->runController('shop/search.htm...')
#3 /mnt/home/www/texiaoyao/public_html/core/framework/yiilite.php(1191): CWebApplication->processRequest()
#4 /mnt/home/www/texiaoyao/public_html/index.php(28): CApplication->run()
#5 {main}
REQUEST_URI=/shop/search.html/trackback/
HTTP_REFERER=http://www.baidu.com/s?wd=www
---
