
date: 2014-09-27 22:29:01***************************************
Current character set: utf8
../upload/excel/sample.xls
1-http://www.texiaoyao.cn
update .... 
UPDATE yao_shop set name = 'test', sku = '123456', description = '描述',original_price = '26.9',price = '9.9',store = '特效药网',url = 'http://www.texiaoyao.cn',image = 'http://texiaoyao.cn/themes/default/images/logo_small.png',stock = '10',category_id = '2',remark = '备注' where id = 4203)Error: You have an error in your SQL syntax; check the manual that corresponds to your MariaDB server version for the right syntax to use near ')' at line 1date: 2014-09-27 22:31:01***************************************
Current character set: utf8
../upload/excel/sample.xls
1-http://www.texiaoyao.cn
update .... 
UPDATE yao_shop set name = 'test', sku = '123456', description = '描述',original_price = '26.9',price = '9.9',store = '特效药网',url = 'http://www.texiaoyao.cn',image = 'http://texiaoyao.cn/themes/default/images/logo_small.png',stock = '10',category_id = '2',remark = '备注' where id = 4203success 
date: 2014-09-27 23:28:01***************************************
Current character set: utf8
../upload/excel/sample.xls
0-http://www.texiaoyao.cn
string(70) "/home/wwwroot/texiaoyao/public_html/upload/product/27Sep2014232801.png"
date: 2014-09-27 23:31:01***************************************
Current character set: utf8
../upload/excel/sample.xls
0-http://www.texiaoyao.cn
string(70) "/home/wwwroot/texiaoyao/public_html/upload/product/27Sep2014233101.png"
insert .... 
INSERT INTO yao_shop (name, sku, description,original_price,price,store,url,image,stock,category_id,remark)
								VALUES
								('test','123456','描述','26.9','9.9','特效药网','http://www.texiaoyao.cn','/home/wwwroot/texiaoyao/public_html/upload/product/27Sep2014233101.png','10','2','备注')success 
